0 info it worked if it ends with ok
1 verbose cli [ '/usr/local/bin/node',
1 verbose cli   '/usr/local/bin/npm',
1 verbose cli   'install',
1 verbose cli   '-g',
1 verbose cli   'n' ]
2 info using npm@3.10.10
3 info using node@v6.11.0
4 silly loadCurrentTree Starting
5 silly install loadCurrentTree
6 silly install readGlobalPackageData
7 silly fetchPackageMetaData n
8 silly fetchNamedPackageData n
9 silly mapToRegistry name n
10 silly mapToRegistry using default registry
11 silly mapToRegistry registry https://registry.npmjs.org/
12 silly mapToRegistry data Result {
12 silly mapToRegistry   raw: 'n',
12 silly mapToRegistry   scope: null,
12 silly mapToRegistry   escapedName: 'n',
12 silly mapToRegistry   name: 'n',
12 silly mapToRegistry   rawSpec: '',
12 silly mapToRegistry   spec: 'latest',
12 silly mapToRegistry   type: 'tag' }
13 silly mapToRegistry uri https://registry.npmjs.org/n
14 verbose request uri https://registry.npmjs.org/n
15 verbose request no auth needed
16 info attempt registry request try #1 at 9:17:43 AM
17 verbose request id d4a59338a94a36cf
18 http request GET https://registry.npmjs.org/n
19 http 200 https://registry.npmjs.org/n
20 verbose headers { date: 'Tue, 05 Nov 2024 04:17:45 GMT',
20 verbose headers   'content-type': 'application/json',
20 verbose headers   'transfer-encoding': 'chunked',
20 verbose headers   connection: 'keep-alive',
20 verbose headers   'cf-ray': '8dda092dac3e96d0-KIX',
20 verbose headers   'cf-cache-status': 'REVALIDATED',
20 verbose headers   'access-control-allow-origin': '*',
20 verbose headers   'cache-control': 'public, max-age=300',
20 verbose headers   etag: 'W/"4b13b41a1d81e997a53ef26337bfd20b"',
20 verbose headers   'last-modified': 'Fri, 06 Sep 2024 02:30:42 GMT',
20 verbose headers   vary: 'accept-encoding, accept',
20 verbose headers   server: 'cloudflare',
20 verbose headers   'content-encoding': 'gzip' }
21 silly get cb [ 200,
21 silly get   { date: 'Tue, 05 Nov 2024 04:17:45 GMT',
21 silly get     'content-type': 'application/json',
21 silly get     'transfer-encoding': 'chunked',
21 silly get     connection: 'keep-alive',
21 silly get     'cf-ray': '8dda092dac3e96d0-KIX',
21 silly get     'cf-cache-status': 'REVALIDATED',
21 silly get     'access-control-allow-origin': '*',
21 silly get     'cache-control': 'public, max-age=300',
21 silly get     etag: 'W/"4b13b41a1d81e997a53ef26337bfd20b"',
21 silly get     'last-modified': 'Fri, 06 Sep 2024 02:30:42 GMT',
21 silly get     vary: 'accept-encoding, accept',
21 silly get     server: 'cloudflare',
21 silly get     'content-encoding': 'gzip' } ]
22 verbose get saving n to /home/farooq/.npm/registry.npmjs.org/n/.cache.json
23 verbose correctMkdir /home/farooq/.npm correctMkdir not in flight; initializing
24 silly install normalizeTree
25 silly loadCurrentTree Finishing
26 silly loadIdealTree Starting
27 silly install loadIdealTree
28 silly cloneCurrentTree Starting
29 silly install cloneCurrentTreeToIdealTree
30 silly cloneCurrentTree Finishing
31 silly loadShrinkwrap Starting
32 silly install loadShrinkwrap
33 silly loadShrinkwrap Finishing
34 silly loadAllDepsIntoIdealTree Starting
35 silly install loadAllDepsIntoIdealTree
36 silly resolveWithNewModule n@10.0.0 checking installable status
37 silly cache add args [ 'n', null ]
38 verbose cache add spec n
39 silly cache add parsed spec Result {
39 silly cache add   raw: 'n',
39 silly cache add   scope: null,
39 silly cache add   escapedName: 'n',
39 silly cache add   name: 'n',
39 silly cache add   rawSpec: '',
39 silly cache add   spec: 'latest',
39 silly cache add   type: 'tag' }
40 silly addNamed n@latest
41 verbose addNamed "latest" is being treated as a dist-tag for n
42 info addNameTag [ 'n', 'latest' ]
43 silly mapToRegistry name n
44 silly mapToRegistry using default registry
45 silly mapToRegistry registry https://registry.npmjs.org/
46 silly mapToRegistry data Result {
46 silly mapToRegistry   raw: 'n',
46 silly mapToRegistry   scope: null,
46 silly mapToRegistry   escapedName: 'n',
46 silly mapToRegistry   name: 'n',
46 silly mapToRegistry   rawSpec: '',
46 silly mapToRegistry   spec: 'latest',
46 silly mapToRegistry   type: 'tag' }
47 silly mapToRegistry uri https://registry.npmjs.org/n
48 verbose addNameTag registry:https://registry.npmjs.org/n not in flight; fetching
49 verbose get https://registry.npmjs.org/n not expired, no request
50 silly addNameTag next cb for n with tag latest
51 silly addNamed n@10.0.0
52 verbose addNamed "10.0.0" is a plain semver version for n
53 silly mapToRegistry name n
54 silly mapToRegistry using default registry
55 silly mapToRegistry registry https://registry.npmjs.org/
56 silly mapToRegistry data Result {
56 silly mapToRegistry   raw: 'n',
56 silly mapToRegistry   scope: null,
56 silly mapToRegistry   escapedName: 'n',
56 silly mapToRegistry   name: 'n',
56 silly mapToRegistry   rawSpec: '',
56 silly mapToRegistry   spec: 'latest',
56 silly mapToRegistry   type: 'tag' }
57 silly mapToRegistry uri https://registry.npmjs.org/n
58 verbose addRemoteTarball https://registry.npmjs.org/n/-/n-10.0.0.tgz not in flight; adding
59 verbose addRemoteTarball [ 'https://registry.npmjs.org/n/-/n-10.0.0.tgz',
59 verbose addRemoteTarball   '51763909c00e8ec25db8fa67accbefeaca8c7756' ]
60 info retry fetch attempt 1 at 9:17:46 AM
61 info attempt registry request try #1 at 9:17:46 AM
62 http fetch GET https://registry.npmjs.org/n/-/n-10.0.0.tgz
63 http fetch 200 https://registry.npmjs.org/n/-/n-10.0.0.tgz
64 silly fetchAndShaCheck shasum 51763909c00e8ec25db8fa67accbefeaca8c7756
65 verbose addTmpTarball /tmp/npm-6485-0f3bdbb0/registry.npmjs.org/n/-/n-10.0.0.tgz not in flight; adding
66 verbose addTmpTarball already have metadata; skipping unpack for n@10.0.0
67 verbose correctMkdir /home/farooq/.npm correctMkdir not in flight; initializing
68 silly cache afterAdd n@10.0.0
69 verbose afterAdd /home/farooq/.npm/n/10.0.0/package/package.json not in flight; writing
70 verbose correctMkdir /home/farooq/.npm correctMkdir not in flight; initializing
71 verbose afterAdd /home/farooq/.npm/n/10.0.0/package/package.json written
72 silly loadAllDepsIntoIdealTree Finishing
73 silly loadIdealTree Finishing
74 silly currentTree lib
74 silly currentTree └── n@10.0.0
75 silly idealTree lib
75 silly idealTree └── n@10.0.0
76 silly generateActionsToTake Starting
77 silly install generateActionsToTake
78 warn checkPermissions Missing write access to /usr/local/lib/node_modules/n
79 warn checkPermissions Missing write access to /usr/local/lib/node_modules
80 silly rollbackFailedOptional Starting
81 silly rollbackFailedOptional Finishing
82 silly runTopLevelLifecycles Finishing
83 silly install printInstalled
84 verbose stack Error: EACCES: permission denied, access '/usr/local/lib/node_modules/n'
84 verbose stack     at Error (native)
85 verbose cwd /mnt/d/dev/defi/rwa-creator
86 error Linux 5.15.153.1-microsoft-standard-WSL2
87 error argv "/usr/local/bin/node" "/usr/local/bin/npm" "install" "-g" "n"
88 error node v6.11.0
89 error npm  v3.10.10
90 error path /usr/local/lib/node_modules/n
91 error code EACCES
92 error errno -13
93 error syscall access
94 error Error: EACCES: permission denied, access '/usr/local/lib/node_modules/n'
94 error     at Error (native)
94 error  { Error: EACCES: permission denied, access '/usr/local/lib/node_modules/n'
94 error     at Error (native)
94 error   errno: -13,
94 error   code: 'EACCES',
94 error   syscall: 'access',
94 error   path: '/usr/local/lib/node_modules/n' }
95 error Please try running this command again as root/Administrator.
96 verbose exit [ -13, true ]
